<?xml version="1.0" encoding="UTF-8"?>
<testng-results ignored="0" total="1" passed="1" failed="0" skipped="0">
  <reporter-output>
  </reporter-output>
  <suite started-at="2021-11-03T18:22:22 IST" name="Default suite" finished-at="2021-11-03T18:22:26 IST" duration-ms="4199">
    <groups>
    </groups>
    <test started-at="2021-11-03T18:22:22 IST" name="Default test" finished-at="2021-11-03T18:22:26 IST" duration-ms="4199">
      <class name="com.test.BrowserLaunch">
        <test-method signature="launchingBrowser()[pri:0, instance:com.test.BrowserLaunch@2fb3536e]" started-at="2021-11-03T18:22:22 IST" name="launchingBrowser" finished-at="2021-11-03T18:22:26 IST" duration-ms="4166" status="PASS">
          <reporter-output>
          </reporter-output>
        </test-method> <!-- launchingBrowser -->
      </class> <!-- com.test.BrowserLaunch -->
    </test> <!-- Default test -->
  </suite> <!-- Default suite -->
</testng-results>
